2025-03-29 13:27:30-PM ==> |  ————————————————————————————————————————————————————————————————————————————————————————————————————
2025-03-29 13:27:30-PM ==> |                                               【开始获取频道资源】                                             
2025-03-29 13:27:30-PM ==> |                                   找到可用代理: https://github.moeyy.xyz/                                  
2025-03-29 13:27:31-PM ==> |  https://github.moeyy.xyz/https://raw.githubusercontent.com/Johnisonn/lives/main/live.txt请求失败，错误信息: 404 Client Error: Not Found for url: https://github.moeyy.xyz/https://raw.githubusercontent.com/Johnisonn/lives/main/live.txt
2025-03-29 13:27:31-PM ==> |  从<https://github.moeyy.xyz/https://raw.githubusercontent.com/Johnisonn/tvbox/main/Garter/live.txt>获取频道 441 个(类内同名已去重)，获取url地址 547 个(未去重)！
2025-03-29 13:27:31-PM ==> |  从<https://github.moeyy.xyz/https://raw.githubusercontent.com/fanmingming/live/main/tv/m3u/ipv6.m3u>获取频道 99 个(类内同名已去重)，获取url地址 102 个(未去重)！
2025-03-29 13:27:32-PM ==> |  从<https://github.moeyy.xyz/https://raw.githubusercontent.com/Guovin/iptv-api/gd/output/result.m3u>获取频道 701 个(类内同名已去重)，获取url地址 2092 个(未去重)！
2025-03-29 13:27:32-PM ==> |  从<https://live.izbds.com/tv/iptv4.txt>获取频道 2082 个(类内同名已去重)，获取url地址 3207 个(未去重)！
2025-03-29 13:27:33-PM ==> |  从<https://github.moeyy.xyz/https://raw.githubusercontent.com/kimwang1978/collect-tv-txt/main/%E4%B8%93%E5%8C%BA/%E2%99%AA%E4%BC%98%E8%B4%A8%E5%A4%AE%E8%A7%86.txt>获取频道 23 个(类内同名已去重)，获取url地址 172 个(未去重)！
2025-03-29 13:27:33-PM ==> |  从<https://github.moeyy.xyz/https://raw.githubusercontent.com/kimwang1978/collect-tv-txt/main/%E4%B8%93%E5%8C%BA/%E2%99%AA%E4%BC%98%E8%B4%A8%E5%8D%AB%E8%A7%86.txt>获取频道 37 个(类内同名已去重)，获取url地址 131 个(未去重)！
2025-03-29 13:27:34-PM ==> |  从<https://github.moeyy.xyz/https://raw.githubusercontent.com/kimwang1978/collect-tv-txt/main/merged_output.txt>获取频道 2238 个(类内同名已去重)，获取url地址 17238 个(未去重)！
2025-03-29 13:27:34-PM ==> |  从<https://github.moeyy.xyz/https://raw.githubusercontent.com/SPX372928/MyIPTV/master/黑龙江PLTV移动CDN版.txt>获取频道 142 个(类内同名已去重)，获取url地址 209 个(未去重)！
2025-03-29 13:27:34-PM ==> |  从<https://github.moeyy.xyz/https://raw.githubusercontent.com/SPX372928/MyIPTV/master/山东SNM移动CDN版.txt>获取频道 179 个(类内同名已去重)，获取url地址 293 个(未去重)！
2025-03-29 13:27:35-PM ==> |  从<https://github.moeyy.xyz/https://raw.githubusercontent.com/yuanzl77/IPTV/main/live.m3u>获取频道 60 个(类内同名已去重)，获取url地址 13745 个(未去重)！
2025-03-29 13:27:35-PM ==> |  从<https://github.moeyy.xyz/https://raw.githubusercontent.com/vbskycn/iptv/master/tv/hd.txt>获取频道 2306 个(类内同名已去重)，获取url地址 3693 个(未去重)！
2025-03-29 13:27:36-PM ==> |  从<https://github.moeyy.xyz/https://raw.githubusercontent.com/vbskycn/iptv/master/tv/iptv4.m3u>获取频道 1939 个(类内同名已去重)，获取url地址 2034 个(未去重)！
2025-03-29 13:27:36-PM ==> |  从<https://github.moeyy.xyz/https://raw.githubusercontent.com/YanG-1989/m3u/main/Gather.m3u>获取频道 128 个(类内同名已去重)，获取url地址 128 个(未去重)！
2025-03-29 13:27:37-PM ==> |  从<https://github.moeyy.xyz/https://raw.githubusercontent.com/joevess/IPTV/main/sources/iptv_sources.m3u>获取频道 0 个(类内同名已去重)，获取url地址 0 个(未去重)！
2025-03-29 13:27:37-PM ==> |  从<https://github.moeyy.xyz/https://raw.githubusercontent.com/joevess/IPTV/main/sources/home_sources.m3u>获取频道 0 个(类内同名已去重)，获取url地址 0 个(未去重)！
2025-03-29 13:27:37-PM ==> |  从<https://github.moeyy.xyz/https://raw.githubusercontent.com/jisoypub/iptv/main/ipv4.m3u>获取频道 112 个(类内同名已去重)，获取url地址 176 个(未去重)！
2025-03-29 13:27:38-PM ==> |  从<https://github.moeyy.xyz/https://raw.githubusercontent.com/jisoypub/iptv/main/ipv4_2.m3u>获取频道 85 个(类内同名已去重)，获取url地址 85 个(未去重)！
2025-03-29 13:27:38-PM ==> |  从<https://github.moeyy.xyz/https://raw.githubusercontent.com/jisoypub/iptv/main/ipv6.m3u>获取频道 3 个(类内同名已去重)，获取url地址 76 个(未去重)！
2025-03-29 13:27:38-PM ==> |  从<https://github.moeyy.xyz/https://raw.githubusercontent.com/jisoypub/iptv/main/ipv6_2.m3u>获取频道 0 个(类内同名已去重)，获取url地址 55 个(未去重)！
2025-03-29 13:27:39-PM ==> |  从<https://github.moeyy.xyz/https://raw.githubusercontent.com/huang770101/my-iptv/main/IPTV-ipv4.m3u>获取频道 93 个(类内同名已去重)，获取url地址 94 个(未去重)！
2025-03-29 13:27:39-PM ==> |  从<https://github.moeyy.xyz/https://raw.githubusercontent.com/huang770101/my-iptv/main/IPTV-ipv6.m3u>获取频道 0 个(类内同名已去重)，获取url地址 102 个(未去重)！
2025-03-29 13:27:39-PM ==> |  从<https://github.moeyy.xyz/https://raw.githubusercontent.com/zbefine/iptv/main/iptv.m3u>获取频道 998 个(类内同名已去重)，获取url地址 1286 个(未去重)！
2025-03-29 13:27:40-PM ==> |  从<https://github.moeyy.xyz/https://raw.githubusercontent.com/BurningC4/Chinese-IPTV/master/TV-IPV4.m3u>获取频道 0 个(类内同名已去重)，获取url地址 58 个(未去重)！
2025-03-29 13:27:40-PM ==> |  从<https://github.moeyy.xyz/https://raw.githubusercontent.com/9527xiao9527/iptv/main/iptv.txt>获取频道 141 个(类内同名已去重)，获取url地址 291 个(未去重)！
2025-03-29 13:27:40-PM ==> |  从<https://github.moeyy.xyz/https://raw.githubusercontent.com/maitel2020/iptv-self-use/main/iptv.m3u>获取频道 66 个(类内同名已去重)，获取url地址 1751 个(未去重)！
2025-03-29 13:27:41-PM ==> |  从<https://github.moeyy.xyz/https://raw.githubusercontent.com/dxawi/0/main/tvlive.txt>获取频道 127 个(类内同名已去重)，获取url地址 129 个(未去重)！
2025-03-29 13:27:41-PM ==> |  从<https://github.moeyy.xyz/https://raw.githubusercontent.com/qingwen07/awesome-iptv/main/tvbox_live_all.txt>获取频道 5027 个(类内同名已去重)，获取url地址 11550 个(未去重)！
2025-03-29 13:27:41-PM ==> |  从<https://github.moeyy.xyz/https://raw.githubusercontent.com/ssili126/tv/main/itvlist.txt>获取频道 7 个(类内同名已去重)，获取url地址 31 个(未去重)！
2025-03-29 13:27:42-PM ==> |  从<https://github.moeyy.xyz/https://github.com/Moexin/IPTV/raw/Files/IPTV.m3u>获取频道 25 个(类内同名已去重)，获取url地址 107 个(未去重)！
2025-03-29 13:27:44-PM ==> |  https://gitee.com/zhang-station1/genius-film-and-television/raw/master/3658请求失败，错误信息: 404 Client Error: Not Found for url: https://gitee.com/zhang-station1/genius-film-and-television/raw/master/3658
2025-03-29 13:27:45-PM ==> |  从<http://8.138.7.223/live.txt>获取频道 3483 个(类内同名已去重)，获取url地址 4959 个(未去重)！
2025-03-29 13:27:46-PM ==> |  从<http://cqitv.fh4u.org/iptv/jiangsu.txt>获取频道 225 个(类内同名已去重)，获取url地址 227 个(未去重)！
2025-03-29 13:27:46-PM ==> |  https://live.kilvn.com/iptv.m3u请求失败，错误信息: 403 Client Error: Forbidden for url: https://live.kilvn.com/iptv.m3u
2025-03-29 13:27:47-PM ==> |  从<https://live.zbds.top/tv/iptv6.m3u>获取频道 8 个(类内同名已去重)，获取url地址 54 个(未去重)！
2025-03-29 13:27:51-PM ==> |  http://175.178.251.183:6689/live.m3u请求失败，错误信息: HTTPConnectionPool(host='175.178.251.183', port=6689): Max retries exceeded with url: /live.m3u (Caused by ConnectTimeoutError(<urllib3.connection.HTTPConnection object at 0x7f478501c550>, 'Connection to 175.178.251.183 timed out. (connect timeout=4)'))
2025-03-29 13:27:56-PM ==> |  从<http://meowtv.top/zb>获取频道 1420 个(类内同名已去重)，获取url地址 2246 个(未去重)！
2025-03-29 13:27:57-PM ==> |  从<https://live.zhoujie218.top/tv/iptv6.txt>获取频道 6 个(类内同名已去重)，获取url地址 104 个(未去重)！
2025-03-29 13:28:00-PM ==> |  从<https://live.zhoujie218.top/tv/iptv4.txt>获取频道 0 个(类内同名已去重)，获取url地址 3207 个(未去重)！
2025-03-29 13:28:02-PM ==> |  从<https://tv.youdu.fan:666/live/>获取频道 2136 个(类内同名已去重)，获取url地址 7178 个(未去重)！
2025-03-29 13:28:05-PM ==> |  从<http://rihou.cc:567/gggg.nzk>获取频道 4610 个(类内同名已去重)，获取url地址 5176 个(未去重)！
2025-03-29 13:28:09-PM ==> |  从<http://rihou.cc:555/gggg.nzk>获取频道 118 个(类内同名已去重)，获取url地址 5399 个(未去重)！
2025-03-29 13:28:10-PM ==> |  从<http://kv.netsite.cc/tvlive>获取频道 184 个(类内同名已去重)，获取url地址 418 个(未去重)！
2025-03-29 13:28:10-PM ==> |  http://ww.weidonglong.com/dsj.txt请求失败，错误信息: HTTPConnectionPool(host='ww.weidonglong.com', port=80): Max retries exceeded with url: /dsj.txt (Caused by NameResolutionError("<urllib3.connection.HTTPConnection object at 0x7f4784df0050>: Failed to resolve 'ww.weidonglong.com' ([Errno -2] Name or service not known)"))
2025-03-29 13:28:11-PM ==> |  从<http://cqitv.fh4u.org/iptv/20241126/gitv.txt>获取频道 80 个(类内同名已去重)，获取url地址 81 个(未去重)！
2025-03-29 13:28:11-PM ==> |  从<http://xhztv.top/zbc.txt>获取频道 622 个(类内同名已去重)，获取url地址 965 个(未去重)！
2025-03-29 13:28:13-PM ==> |  从<https://github.moeyy.xyz/https://raw.githubusercontent.com/lystv/short/main/影视/tvb/MTV.txt>获取频道 161527 个(类内同名已去重)，获取url地址 164135 个(未去重)！
2025-03-29 13:28:13-PM ==> |  从<https://github.moeyy.xyz/https://raw.githubusercontent.com/Ftindy/IPTV-URL/main/douyuyqk.m3u>获取频道 960 个(类内同名已去重)，获取url地址 961 个(未去重)！
2025-03-29 13:28:14-PM ==> |  从<https://github.moeyy.xyz/https://raw.githubusercontent.com/cymz6/AutoIPTV-Hotel/main/lives.txt>获取频道 0 个(类内同名已去重)，获取url地址 0 个(未去重)！
2025-03-29 13:28:14-PM ==> |  从<https://github.moeyy.xyz/https://raw.githubusercontent.com/PizazzGY/TVBox_warehouse/main/live.txt>获取频道 0 个(类内同名已去重)，获取url地址 16 个(未去重)！
2025-03-29 13:28:14-PM ==> |  ----------------------------------------------------------------------------------------------------
2025-03-29 13:28:14-PM ==> |                               共从 50 个源地址中获取频道 192438 个，获取url地址 254508 个                              
2025-03-29 13:28:14-PM ==> |  ————————————————————————————————————————————————————————————————————————————————————————————————————
2025-03-29 13:28:14-PM ==> |                                              【开始对url地址去重】                                            
2025-03-29 13:28:14-PM ==> |                                   共去除重复频道 11532 个，去除重复url地址 40712 个                                  
2025-03-29 13:28:14-PM ==> |                                   去重后剩余频道 180906 个，剩余url地址 213796 个                                  
2025-03-29 13:28:14-PM ==> |  ————————————————————————————————————————————————————————————————————————————————————————————————————
2025-03-29 13:28:14-PM ==> |                                          【按IP_VERSION筛选】:IPV4                                        
2025-03-29 13:28:14-PM ==> |  ————————————————————————————————————————————————————————————————————————————————————————————————————
2025-03-29 13:28:14-PM ==> |                                               【开始读入模板信息】                                             
2025-03-29 13:28:14-PM ==> |                                         共提取模板中分类 15 个、频道 519 个                                       
2025-03-29 13:28:14-PM ==> |  ————————————————————————————————————————————————————————————————————————————————————————————————————
2025-03-29 13:28:14-PM ==> |                                           【开始匹配模板频道】:不匹配地方频道                                         
2025-03-29 13:28:22-PM ==> |                                    共匹配到模板给定频道 322 个、url直播地址 23352 个                                  
2025-03-29 13:28:22-PM ==> |  ————————————————————————————————————————————————————————————————————————————————————————————————————
2025-03-29 13:28:22-PM ==> |                               【开始抽取样本】:样本：北京卫视,天津卫视,CCTV-1 综合,凤凰卫视,河北卫视                              
2025-03-29 13:28:22-PM ==> |                                         共从 5 个样本中采集urls 455 个                                        
2025-03-29 13:28:22-PM ==> |                                采样urls名单已保存到文件 merged_urls_sample.py 中！                               
2025-03-29 13:28:22-PM ==> |  ————————————————————————————————————————————————————————————————————————————————————————————————————
2025-03-29 13:28:22-PM ==> |                                        【开始流畅性抽样检测】:CORE_COUNT:4                                      
2025-03-29 13:39:46-PM ==> |                                     抽样检测已完成！域名白名单已写入：white_lst.py                                    
2025-03-29 13:39:46-PM ==> |  ————————————————————————————————————————————————————————————————————————————————————————————————————
2025-03-29 13:39:46-PM ==> |                                           【开始按地址类型排序】:IPV4优先                                         
2025-03-29 13:39:46-PM ==> |                        共有 23352 个url地址参与排序，其中V6地址 0 个、V4地址 22996 个、白名单地址 356 个                       
2025-03-29 13:39:46-PM ==> |  ————————————————————————————————————————————————————————————————————————————————————————————————————
2025-03-29 13:39:46-PM ==> |                                             【开始保存文件(.txt)】                                           
2025-03-29 13:39:46-PM ==> |                       频道及url地址已保存在目录:【/home/runner/work/lives/lives/live.txt】文件中                     
2025-03-29 13:39:46-PM ==> |                                       共保存频道 320 个、url地址 23352 个                                      
2025-03-29 13:39:46-PM ==> |  ————————————————————————————————————————————————————————————————————————————————————————————————————
2025-03-29 13:39:46-PM ==> |                                             【开始保存文件(.m3u)】                                           
2025-03-29 13:39:46-PM ==> |                       频道及url地址已保存在目录:【/home/runner/work/lives/lives/live.m3u】文件中                     
2025-03-29 13:39:46-PM ==> |                                       共保存频道 320 个、url地址 23352 个                                      
2025-03-29 13:39:46-PM ==> |  ————————————————————————————————————————————————————————————————————————————————————————————————————
